State 77 conflicts: 4 reduce/reduce
State 84 conflicts: 1 shift/reduce


Grammar

    0 $accept: library END

    1 library: functions

    2 functions: functions IDENTIFIER paramdecls ':' stmt
    3          | ε

    4 paramdecls: paramdecl
    5           | ε

    6 paramdecl: paramdecl ',' IDENTIFIER
    7          | IDENTIFIER

    8 stmt: com_stmt '}'
    9     | "if" '(' exprs ')' stmt
   10     | "while" '(' exprs ')' stmt
   11     | "return" exprs ';'
   12     | exprs ';'
   13     | ';'

   14 com_stmt: '{'
   15         | com_stmt stmt

   16 var_defs: "var" var_def1
   17         | var_defs ',' var_def1

   18 var_def1: IDENTIFIER '=' expr
   19         | IDENTIFIER

   20 exprs: var_defs
   21      | expr
   22      | expr ',' c_expr1

   23 c_expr1: expr
   24        | c_expr1 ',' expr

   25 expr: NUMCONST
   26     | STRINGCONST
   27     | IDENTIFIER
   28     | '(' exprs ')'
   29     | expr '[' exprs ']'
   30     | expr '(' ')'
   31     | expr '(' c_expr1 ')'
   32     | expr '=' expr
   33     | expr '+' expr
   34     | expr '-' expr
   35     | expr "+=" expr
   36     | expr "-=" expr
   37     | expr "||" expr
   38     | expr "&&" expr
   39     | expr "==" expr
   40     | expr "!=" expr
   41     | expr ',' expr
   42     | '&' expr
   43     | '*' expr
   44     | '-' expr
   45     | '!' expr
   46     | "++" expr
   47     | "--" expr
   48     | expr "++"
   49     | expr "--"
   50     | expr '?' expr ':' expr


Terminals, with rules where they appear

    END (0) 0
    '!' (33) 45
    '&' (38) 42
    '(' (40) 9 10 28 30 31
    ')' (41) 9 10 28 30 31
    '*' (42) 43
    '+' (43) 33
    ',' (44) 6 17 22 24 41
    '-' (45) 34 44
    ':' (58) 2 50
    ';' (59) 11 12 13
    '=' (61) 18 32
    '?' (63) 50
    '[' (91) 29
    ']' (93) 29
    '{' (123) 14
    '}' (125) 8
    error (256)
    "return" (258) 11
    "while" (259) 10
    "if" (260) 9
    "var" (261) 16
    IDENTIFIER (262) 2 6 7 18 19 27
    NUMCONST (263) 25
    STRINGCONST (264) 26
    "||" (265) 37
    "&&" (266) 38
    "==" (267) 39
    "!=" (268) 40
    "++" (269) 46 48
    "--" (270) 47 49
    "+=" (271) 35
    "-=" (272) 36


Nonterminals, with rules where they appear

    $accept (34)
        on left: 0
    library (35)
        on left: 1
        on right: 0
    functions (36)
        on left: 2 3
        on right: 1 2
    paramdecls (37)
        on left: 4 5
        on right: 2
    paramdecl (38)
        on left: 6 7
        on right: 4 6
    stmt (39)
        on left: 8 9 10 11 12 13
        on right: 2 9 10 15
    com_stmt (40)
        on left: 14 15
        on right: 8 15
    var_defs (41)
        on left: 16 17
        on right: 17 20
    var_def1 (42)
        on left: 18 19
        on right: 16 17
    exprs (43)
        on left: 20 21 22
        on right: 9 10 11 12 28 29
    c_expr1 (44)
        on left: 23 24
        on right: 22 24 31
    expr (45)
        on left: 25 26 27 28 29 30 31 32 33 34 35 36 37 38 39 40 41 42 43 44 45 46 47 48 49 50
        on right: 18 21 22 23 24 29 30 31 32 33 34 35 36 37 38 39 40 41 42 43 44 45 46 47 48 49 50


State 0

    0 $accept: • library END
    1 library: • functions
    2 functions: • functions IDENTIFIER paramdecls ':' stmt
    3          | ε •

    $default  reduce using rule 3 (functions)

    library    go to state 1
    functions  go to state 2


State 1

    0 $accept: library • END

    END  shift, and go to state 3


State 2

    1 library: functions •  [END]
    2 functions: functions • IDENTIFIER paramdecls ':' stmt

    IDENTIFIER  shift, and go to state 4

    $default  reduce using rule 1 (library)


State 3

    0 $accept: library END •

    $default  accept


State 4

    2 functions: functions IDENTIFIER • paramdecls ':' stmt
    4 paramdecls: • paramdecl
    5           | ε •  [':']
    6 paramdecl: • paramdecl ',' IDENTIFIER
    7          | • IDENTIFIER

    IDENTIFIER  shift, and go to state 5

    $default  reduce using rule 5 (paramdecls)

    paramdecls  go to state 6
    paramdecl   go to state 7


State 5

    7 paramdecl: IDENTIFIER •

    $default  reduce using rule 7 (paramdecl)


State 6

    2 functions: functions IDENTIFIER paramdecls • ':' stmt

    ':'  shift, and go to state 8


State 7

    4 paramdecls: paramdecl •  [':']
    6 paramdecl: paramdecl • ',' IDENTIFIER

    ','  shift, and go to state 9

    $default  reduce using rule 4 (paramdecls)


State 8

    2 functions: functions IDENTIFIER paramdecls ':' • stmt
    8 stmt: • com_stmt '}'
    9     | • "if" '(' exprs ')' stmt
   10     | • "while" '(' exprs ')' stmt
   11     | • "return" exprs ';'
   12     | • exprs ';'
   13     | • ';'
   14 com_stmt: • '{'
   15         | • com_stmt stmt
   16 var_defs: • "var" var_def1
   17         | • var_defs ',' var_def1
   20 exprs: • var_defs
   21      | • expr
   22      | • expr ',' c_expr1
   25 expr: • NUMCONST
   26     | • STRINGCONST
   27     | • IDENTIFIER
   28     | • '(' exprs ')'
   29     | • expr '[' exprs ']'
   30     | • expr '(' ')'
   31     | • expr '(' c_expr1 ')'
   32     | • expr '=' expr
   33     | • expr '+' expr
   34     | • expr '-' expr
   35     | • expr "+=" expr
   36     | • expr "-=" expr
   37     | • expr "||" expr
   38     | • expr "&&" expr
   39     | • expr "==" expr
   40     | • expr "!=" expr
   41     | • expr ',' expr
   42     | • '&' expr
   43     | • '*' expr
   44     | • '-' expr
   45     | • '!' expr
   46     | • "++" expr
   47     | • "--" expr
   48     | • expr "++"
   49     | • expr "--"
   50     | • expr '?' expr ':' expr

    "return"     shift, and go to state 10
    "while"      shift, and go to state 11
    "if"         shift, and go to state 12
    "var"        shift, and go to state 13
    IDENTIFIER   shift, and go to state 14
    NUMCONST     shift, and go to state 15
    STRINGCONST  shift, and go to state 16
    "++"         shift, and go to state 17
    "--"         shift, and go to state 18
    '-'          shift, and go to state 19
    '*'          shift, and go to state 20
    '&'          shift, and go to state 21
    '('          shift, and go to state 22
    ';'          shift, and go to state 23
    '{'          shift, and go to state 24
    '!'          shift, and go to state 25

    stmt      go to state 26
    com_stmt  go to state 27
    var_defs  go to state 28
    exprs     go to state 29
    expr      go to state 30


State 9

    6 paramdecl: paramdecl ',' • IDENTIFIER

    IDENTIFIER  shift, and go to state 31


State 10

   11 stmt: "return" • exprs ';'
   16 var_defs: • "var" var_def1
   17         | • var_defs ',' var_def1
   20 exprs: • var_defs
   21      | • expr
   22      | • expr ',' c_expr1
   25 expr: • NUMCONST
   26     | • STRINGCONST
   27     | • IDENTIFIER
   28     | • '(' exprs ')'
   29     | • expr '[' exprs ']'
   30     | • expr '(' ')'
   31     | • expr '(' c_expr1 ')'
   32     | • expr '=' expr
   33     | • expr '+' expr
   34     | • expr '-' expr
   35     | • expr "+=" expr
   36     | • expr "-=" expr
   37     | • expr "||" expr
   38     | • expr "&&" expr
   39     | • expr "==" expr
   40     | • expr "!=" expr
   41     | • expr ',' expr
   42     | • '&' expr
   43     | • '*' expr
   44     | • '-' expr
   45     | • '!' expr
   46     | • "++" expr
   47     | • "--" expr
   48     | • expr "++"
   49     | • expr "--"
   50     | • expr '?' expr ':' expr

    "var"        shift, and go to state 13
    IDENTIFIER   shift, and go to state 14
    NUMCONST     shift, and go to state 15
    STRINGCONST  shift, and go to state 16
    "++"         shift, and go to state 17
    "--"         shift, and go to state 18
    '-'          shift, and go to state 19
    '*'          shift, and go to state 20
    '&'          shift, and go to state 21
    '('          shift, and go to state 22
    '!'          shift, and go to state 25

    var_defs  go to state 28
    exprs     go to state 32
    expr      go to state 30


State 11

   10 stmt: "while" • '(' exprs ')' stmt

    '('  shift, and go to state 33


State 12

    9 stmt: "if" • '(' exprs ')' stmt

    '('  shift, and go to state 34


State 13

   16 var_defs: "var" • var_def1
   18 var_def1: • IDENTIFIER '=' expr
   19         | • IDENTIFIER

    IDENTIFIER  shift, and go to state 35

    var_def1  go to state 36


State 14

   27 expr: IDENTIFIER •

    $default  reduce using rule 27 (expr)


State 15

   25 expr: NUMCONST •

    $default  reduce using rule 25 (expr)


State 16

   26 expr: STRINGCONST •

    $default  reduce using rule 26 (expr)


State 17

   25 expr: • NUMCONST
   26     | • STRINGCONST
   27     | • IDENTIFIER
   28     | • '(' exprs ')'
   29     | • expr '[' exprs ']'
   30     | • expr '(' ')'
   31     | • expr '(' c_expr1 ')'
   32     | • expr '=' expr
   33     | • expr '+' expr
   34     | • expr '-' expr
   35     | • expr "+=" expr
   36     | • expr "-=" expr
   37     | • expr "||" expr
   38     | • expr "&&" expr
   39     | • expr "==" expr
   40     | • expr "!=" expr
   41     | • expr ',' expr
   42     | • '&' expr
   43     | • '*' expr
   44     | • '-' expr
   45     | • '!' expr
   46     | • "++" expr
   46     | "++" • expr
   47     | • "--" expr
   48     | • expr "++"
   49     | • expr "--"
   50     | • expr '?' expr ':' expr

    IDENTIFIER   shift, and go to state 14
    NUMCONST     shift, and go to state 15
    STRINGCONST  shift, and go to state 16
    "++"         shift, and go to state 17
    "--"         shift, and go to state 18
    '-'          shift, and go to state 19
    '*'          shift, and go to state 20
    '&'          shift, and go to state 21
    '('          shift, and go to state 22
    '!'          shift, and go to state 25

    expr  go to state 37


State 18

   25 expr: • NUMCONST
   26     | • STRINGCONST
   27     | • IDENTIFIER
   28     | • '(' exprs ')'
   29     | • expr '[' exprs ']'
   30     | • expr '(' ')'
   31     | • expr '(' c_expr1 ')'
   32     | • expr '=' expr
   33     | • expr '+' expr
   34     | • expr '-' expr
   35     | • expr "+=" expr
   36     | • expr "-=" expr
   37     | • expr "||" expr
   38     | • expr "&&" expr
   39     | • expr "==" expr
   40     | • expr "!=" expr
   41     | • expr ',' expr
   42     | • '&' expr
   43     | • '*' expr
   44     | • '-' expr
   45     | • '!' expr
   46     | • "++" expr
   47     | • "--" expr
   47     | "--" • expr
   48     | • expr "++"
   49     | • expr "--"
   50     | • expr '?' expr ':' expr

    IDENTIFIER   shift, and go to state 14
    NUMCONST     shift, and go to state 15
    STRINGCONST  shift, and go to state 16
    "++"         shift, and go to state 17
    "--"         shift, and go to state 18
    '-'          shift, and go to state 19
    '*'          shift, and go to state 20
    '&'          shift, and go to state 21
    '('          shift, and go to state 22
    '!'          shift, and go to state 25

    expr  go to state 38


State 19

   25 expr: • NUMCONST
   26     | • STRINGCONST
   27     | • IDENTIFIER
   28     | • '(' exprs ')'
   29     | • expr '[' exprs ']'
   30     | • expr '(' ')'
   31     | • expr '(' c_expr1 ')'
   32     | • expr '=' expr
   33     | • expr '+' expr
   34     | • expr '-' expr
   35     | • expr "+=" expr
   36     | • expr "-=" expr
   37     | • expr "||" expr
   38     | • expr "&&" expr
   39     | • expr "==" expr
   40     | • expr "!=" expr
   41     | • expr ',' expr
   42     | • '&' expr
   43     | • '*' expr
   44     | • '-' expr
   44     | '-' • expr
   45     | • '!' expr
   46     | • "++" expr
   47     | • "--" expr
   48     | • expr "++"
   49     | • expr "--"
   50     | • expr '?' expr ':' expr

    IDENTIFIER   shift, and go to state 14
    NUMCONST     shift, and go to state 15
    STRINGCONST  shift, and go to state 16
    "++"         shift, and go to state 17
    "--"         shift, and go to state 18
    '-'          shift, and go to state 19
    '*'          shift, and go to state 20
    '&'          shift, and go to state 21
    '('          shift, and go to state 22
    '!'          shift, and go to state 25

    expr  go to state 39


State 20

   25 expr: • NUMCONST
   26     | • STRINGCONST
   27     | • IDENTIFIER
   28     | • '(' exprs ')'
   29     | • expr '[' exprs ']'
   30     | • expr '(' ')'
   31     | • expr '(' c_expr1 ')'
   32     | • expr '=' expr
   33     | • expr '+' expr
   34     | • expr '-' expr
   35     | • expr "+=" expr
   36     | • expr "-=" expr
   37     | • expr "||" expr
   38     | • expr "&&" expr
   39     | • expr "==" expr
   40     | • expr "!=" expr
   41     | • expr ',' expr
   42     | • '&' expr
   43     | • '*' expr
   43     | '*' • expr
   44     | • '-' expr
   45     | • '!' expr
   46     | • "++" expr
   47     | • "--" expr
   48     | • expr "++"
   49     | • expr "--"
   50     | • expr '?' expr ':' expr

    IDENTIFIER   shift, and go to state 14
    NUMCONST     shift, and go to state 15
    STRINGCONST  shift, and go to state 16
    "++"         shift, and go to state 17
    "--"         shift, and go to state 18
    '-'          shift, and go to state 19
    '*'          shift, and go to state 20
    '&'          shift, and go to state 21
    '('          shift, and go to state 22
    '!'          shift, and go to state 25

    expr  go to state 40


State 21

   25 expr: • NUMCONST
   26     | • STRINGCONST
   27     | • IDENTIFIER
   28     | • '(' exprs ')'
   29     | • expr '[' exprs ']'
   30     | • expr '(' ')'
   31     | • expr '(' c_expr1 ')'
   32     | • expr '=' expr
   33     | • expr '+' expr
   34     | • expr '-' expr
   35     | • expr "+=" expr
   36     | • expr "-=" expr
   37     | • expr "||" expr
   38     | • expr "&&" expr
   39     | • expr "==" expr
   40     | • expr "!=" expr
   41     | • expr ',' expr
   42     | • '&' expr
   42     | '&' • expr
   43     | • '*' expr
   44     | • '-' expr
   45     | • '!' expr
   46     | • "++" expr
   47     | • "--" expr
   48     | • expr "++"
   49     | • expr "--"
   50     | • expr '?' expr ':' expr

    IDENTIFIER   shift, and go to state 14
    NUMCONST     shift, and go to state 15
    STRINGCONST  shift, and go to state 16
    "++"         shift, and go to state 17
    "--"         shift, and go to state 18
    '-'          shift, and go to state 19
    '*'          shift, and go to state 20
    '&'          shift, and go to state 21
    '('          shift, and go to state 22
    '!'          shift, and go to state 25

    expr  go to state 41


State 22

   16 var_defs: • "var" var_def1
   17         | • var_defs ',' var_def1
   20 exprs: • var_defs
   21      | • expr
   22      | • expr ',' c_expr1
   25 expr: • NUMCONST
   26     | • STRINGCONST
   27     | • IDENTIFIER
   28     | • '(' exprs ')'
   28     | '(' • exprs ')'
   29     | • expr '[' exprs ']'
   30     | • expr '(' ')'
   31     | • expr '(' c_expr1 ')'
   32     | • expr '=' expr
   33     | • expr '+' expr
   34     | • expr '-' expr
   35     | • expr "+=" expr
   36     | • expr "-=" expr
   37     | • expr "||" expr
   38     | • expr "&&" expr
   39     | • expr "==" expr
   40     | • expr "!=" expr
   41     | • expr ',' expr
   42     | • '&' expr
   43     | • '*' expr
   44     | • '-' expr
   45     | • '!' expr
   46     | • "++" expr
   47     | • "--" expr
   48     | • expr "++"
   49     | • expr "--"
   50     | • expr '?' expr ':' expr

    "var"        shift, and go to state 13
    IDENTIFIER   shift, and go to state 14
    NUMCONST     shift, and go to state 15
    STRINGCONST  shift, and go to state 16
    "++"         shift, and go to state 17
    "--"         shift, and go to state 18
    '-'          shift, and go to state 19
    '*'          shift, and go to state 20
    '&'          shift, and go to state 21
    '('          shift, and go to state 22
    '!'          shift, and go to state 25

    var_defs  go to state 28
    exprs     go to state 42
    expr      go to state 30


State 23

   13 stmt: ';' •

    $default  reduce using rule 13 (stmt)


State 24

   14 com_stmt: '{' •

    $default  reduce using rule 14 (com_stmt)


State 25

   25 expr: • NUMCONST
   26     | • STRINGCONST
   27     | • IDENTIFIER
   28     | • '(' exprs ')'
   29     | • expr '[' exprs ']'
   30     | • expr '(' ')'
   31     | • expr '(' c_expr1 ')'
   32     | • expr '=' expr
   33     | • expr '+' expr
   34     | • expr '-' expr
   35     | • expr "+=" expr
   36     | • expr "-=" expr
   37     | • expr "||" expr
   38     | • expr "&&" expr
   39     | • expr "==" expr
   40     | • expr "!=" expr
   41     | • expr ',' expr
   42     | • '&' expr
   43     | • '*' expr
   44     | • '-' expr
   45     | • '!' expr
   45     | '!' • expr
   46     | • "++" expr
   47     | • "--" expr
   48     | • expr "++"
   49     | • expr "--"
   50     | • expr '?' expr ':' expr

    IDENTIFIER   shift, and go to state 14
    NUMCONST     shift, and go to state 15
    STRINGCONST  shift, and go to state 16
    "++"         shift, and go to state 17
    "--"         shift, and go to state 18
    '-'          shift, and go to state 19
    '*'          shift, and go to state 20
    '&'          shift, and go to state 21
    '('          shift, and go to state 22
    '!'          shift, and go to state 25

    expr  go to state 43


State 26

    2 functions: functions IDENTIFIER paramdecls ':' stmt •

    $default  reduce using rule 2 (functions)


State 27

    8 stmt: • com_stmt '}'
    8     | com_stmt • '}'
    9     | • "if" '(' exprs ')' stmt
   10     | • "while" '(' exprs ')' stmt
   11     | • "return" exprs ';'
   12     | • exprs ';'
   13     | • ';'
   14 com_stmt: • '{'
   15         | • com_stmt stmt
   15         | com_stmt • stmt
   16 var_defs: • "var" var_def1
   17         | • var_defs ',' var_def1
   20 exprs: • var_defs
   21      | • expr
   22      | • expr ',' c_expr1
   25 expr: • NUMCONST
   26     | • STRINGCONST
   27     | • IDENTIFIER
   28     | • '(' exprs ')'
   29     | • expr '[' exprs ']'
   30     | • expr '(' ')'
   31     | • expr '(' c_expr1 ')'
   32     | • expr '=' expr
   33     | • expr '+' expr
   34     | • expr '-' expr
   35     | • expr "+=" expr
   36     | • expr "-=" expr
   37     | • expr "||" expr
   38     | • expr "&&" expr
   39     | • expr "==" expr
   40     | • expr "!=" expr
   41     | • expr ',' expr
   42     | • '&' expr
   43     | • '*' expr
   44     | • '-' expr
   45     | • '!' expr
   46     | • "++" expr
   47     | • "--" expr
   48     | • expr "++"
   49     | • expr "--"
   50     | • expr '?' expr ':' expr

    "return"     shift, and go to state 10
    "while"      shift, and go to state 11
    "if"         shift, and go to state 12
    "var"        shift, and go to state 13
    IDENTIFIER   shift, and go to state 14
    NUMCONST     shift, and go to state 15
    STRINGCONST  shift, and go to state 16
    "++"         shift, and go to state 17
    "--"         shift, and go to state 18
    '-'          shift, and go to state 19
    '*'          shift, and go to state 20
    '&'          shift, and go to state 21
    '('          shift, and go to state 22
    '}'          shift, and go to state 44
    ';'          shift, and go to state 23
    '{'          shift, and go to state 24
    '!'          shift, and go to state 25

    stmt      go to state 45
    com_stmt  go to state 27
    var_defs  go to state 28
    exprs     go to state 29
    expr      go to state 30


State 28

   17 var_defs: var_defs • ',' var_def1
   20 exprs: var_defs •  [')', ';', ']']

    ','  shift, and go to state 46

    $default  reduce using rule 20 (exprs)


State 29

   12 stmt: exprs • ';'

    ';'  shift, and go to state 47


State 30

   21 exprs: expr •  [')', ';', ']']
   22      | expr • ',' c_expr1
   29 expr: expr • '[' exprs ']'
   30     | expr • '(' ')'
   31     | expr • '(' c_expr1 ')'
   32     | expr • '=' expr
   33     | expr • '+' expr
   34     | expr • '-' expr
   35     | expr • "+=" expr
   36     | expr • "-=" expr
   37     | expr • "||" expr
   38     | expr • "&&" expr
   39     | expr • "==" expr
   40     | expr • "!=" expr
   41     | expr • ',' expr
   48     | expr • "++"
   49     | expr • "--"
   50     | expr • '?' expr ':' expr

    "||"  shift, and go to state 48
    "&&"  shift, and go to state 49
    "=="  shift, and go to state 50
    "!="  shift, and go to state 51
    "++"  shift, and go to state 52
    "--"  shift, and go to state 53
    "+="  shift, and go to state 54
    "-="  shift, and go to state 55
    ','   shift, and go to state 56
    '?'   shift, and go to state 57
    '='   shift, and go to state 58
    '+'   shift, and go to state 59
    '-'   shift, and go to state 60
    '('   shift, and go to state 61
    '['   shift, and go to state 62

    $default  reduce using rule 21 (exprs)


State 31

    6 paramdecl: paramdecl ',' IDENTIFIER •

    $default  reduce using rule 6 (paramdecl)


State 32

   11 stmt: "return" exprs • ';'

    ';'  shift, and go to state 63


State 33

   10 stmt: "while" '(' • exprs ')' stmt
   16 var_defs: • "var" var_def1
   17         | • var_defs ',' var_def1
   20 exprs: • var_defs
   21      | • expr
   22      | • expr ',' c_expr1
   25 expr: • NUMCONST
   26     | • STRINGCONST
   27     | • IDENTIFIER
   28     | • '(' exprs ')'
   29     | • expr '[' exprs ']'
   30     | • expr '(' ')'
   31     | • expr '(' c_expr1 ')'
   32     | • expr '=' expr
   33     | • expr '+' expr
   34     | • expr '-' expr
   35     | • expr "+=" expr
   36     | • expr "-=" expr
   37     | • expr "||" expr
   38     | • expr "&&" expr
   39     | • expr "==" expr
   40     | • expr "!=" expr
   41     | • expr ',' expr
   42     | • '&' expr
   43     | • '*' expr
   44     | • '-' expr
   45     | • '!' expr
   46     | • "++" expr
   47     | • "--" expr
   48     | • expr "++"
   49     | • expr "--"
   50     | • expr '?' expr ':' expr

    "var"        shift, and go to state 13
    IDENTIFIER   shift, and go to state 14
    NUMCONST     shift, and go to state 15
    STRINGCONST  shift, and go to state 16
    "++"         shift, and go to state 17
    "--"         shift, and go to state 18
    '-'          shift, and go to state 19
    '*'          shift, and go to state 20
    '&'          shift, and go to state 21
    '('          shift, and go to state 22
    '!'          shift, and go to state 25

    var_defs  go to state 28
    exprs     go to state 64
    expr      go to state 30


State 34

    9 stmt: "if" '(' • exprs ')' stmt
   16 var_defs: • "var" var_def1
   17         | • var_defs ',' var_def1
   20 exprs: • var_defs
   21      | • expr
   22      | • expr ',' c_expr1
   25 expr: • NUMCONST
   26     | • STRINGCONST
   27     | • IDENTIFIER
   28     | • '(' exprs ')'
   29     | • expr '[' exprs ']'
   30     | • expr '(' ')'
   31     | • expr '(' c_expr1 ')'
   32     | • expr '=' expr
   33     | • expr '+' expr
   34     | • expr '-' expr
   35     | • expr "+=" expr
   36     | • expr "-=" expr
   37     | • expr "||" expr
   38     | • expr "&&" expr
   39     | • expr "==" expr
   40     | • expr "!=" expr
   41     | • expr ',' expr
   42     | • '&' expr
   43     | • '*' expr
   44     | • '-' expr
   45     | • '!' expr
   46     | • "++" expr
   47     | • "--" expr
   48     | • expr "++"
   49     | • expr "--"
   50     | • expr '?' expr ':' expr

    "var"        shift, and go to state 13
    IDENTIFIER   shift, and go to state 14
    NUMCONST     shift, and go to state 15
    STRINGCONST  shift, and go to state 16
    "++"         shift, and go to state 17
    "--"         shift, and go to state 18
    '-'          shift, and go to state 19
    '*'          shift, and go to state 20
    '&'          shift, and go to state 21
    '('          shift, and go to state 22
    '!'          shift, and go to state 25

    var_defs  go to state 28
    exprs     go to state 65
    expr      go to state 30


State 35

   18 var_def1: IDENTIFIER • '=' expr
   19         | IDENTIFIER •  [',', ')', ';', ']']

    '='  shift, and go to state 66

    $default  reduce using rule 19 (var_def1)


State 36

   16 var_defs: "var" var_def1 •

    $default  reduce using rule 16 (var_defs)


State 37

   29 expr: expr • '[' exprs ']'
   30     | expr • '(' ')'
   31     | expr • '(' c_expr1 ')'
   32     | expr • '=' expr
   33     | expr • '+' expr
   34     | expr • '-' expr
   35     | expr • "+=" expr
   36     | expr • "-=" expr
   37     | expr • "||" expr
   38     | expr • "&&" expr
   39     | expr • "==" expr
   40     | expr • "!=" expr
   41     | expr • ',' expr
   46     | "++" expr •  ["||", "&&", "==", "!=", "+=", "-=", ',', '?', ':', '=', '+', '-', ')', ';', ']']
   48     | expr • "++"
   49     | expr • "--"
   50     | expr • '?' expr ':' expr

    "++"  shift, and go to state 52
    "--"  shift, and go to state 53
    '('   shift, and go to state 61
    '['   shift, and go to state 62

    $default  reduce using rule 46 (expr)

    Conflict between rule 46 and token "||" resolved as reduce ("||" < "++").
    Conflict between rule 46 and token "&&" resolved as reduce ("&&" < "++").
    Conflict between rule 46 and token "==" resolved as reduce ("==" < "++").
    Conflict between rule 46 and token "!=" resolved as reduce ("!=" < "++").
    Conflict between rule 46 and token "++" resolved as shift (%right "++").
    Conflict between rule 46 and token "--" resolved as shift (%right "--").
    Conflict between rule 46 and token "+=" resolved as reduce ("+=" < "++").
    Conflict between rule 46 and token "-=" resolved as reduce ("-=" < "++").
    Conflict between rule 46 and token ',' resolved as reduce (',' < "++").
    Conflict between rule 46 and token '?' resolved as reduce ('?' < "++").
    Conflict between rule 46 and token '=' resolved as reduce ('=' < "++").
    Conflict between rule 46 and token '+' resolved as reduce ('+' < "++").
    Conflict between rule 46 and token '-' resolved as reduce ('-' < "++").
    Conflict between rule 46 and token '(' resolved as shift ("++" < '(').
    Conflict between rule 46 and token '[' resolved as shift ("++" < '[').


State 38

   29 expr: expr • '[' exprs ']'
   30     | expr • '(' ')'
   31     | expr • '(' c_expr1 ')'
   32     | expr • '=' expr
   33     | expr • '+' expr
   34     | expr • '-' expr
   35     | expr • "+=" expr
   36     | expr • "-=" expr
   37     | expr • "||" expr
   38     | expr • "&&" expr
   39     | expr • "==" expr
   40     | expr • "!=" expr
   41     | expr • ',' expr
   47     | "--" expr •  ["||", "&&", "==", "!=", "+=", "-=", ',', '?', ':', '=', '+', '-', ')', ';', ']']
   48     | expr • "++"
   49     | expr • "--"
   50     | expr • '?' expr ':' expr

    "++"  shift, and go to state 52
    "--"  shift, and go to state 53
    '('   shift, and go to state 61
    '['   shift, and go to state 62

    $default  reduce using rule 47 (expr)

    Conflict between rule 47 and token "||" resolved as reduce ("||" < "++").
    Conflict between rule 47 and token "&&" resolved as reduce ("&&" < "++").
    Conflict between rule 47 and token "==" resolved as reduce ("==" < "++").
    Conflict between rule 47 and token "!=" resolved as reduce ("!=" < "++").
    Conflict between rule 47 and token "++" resolved as shift (%right "++").
    Conflict between rule 47 and token "--" resolved as shift (%right "--").
    Conflict between rule 47 and token "+=" resolved as reduce ("+=" < "++").
    Conflict between rule 47 and token "-=" resolved as reduce ("-=" < "++").
    Conflict between rule 47 and token ',' resolved as reduce (',' < "++").
    Conflict between rule 47 and token '?' resolved as reduce ('?' < "++").
    Conflict between rule 47 and token '=' resolved as reduce ('=' < "++").
    Conflict between rule 47 and token '+' resolved as reduce ('+' < "++").
    Conflict between rule 47 and token '-' resolved as reduce ('-' < "++").
    Conflict between rule 47 and token '(' resolved as shift ("++" < '(').
    Conflict between rule 47 and token '[' resolved as shift ("++" < '[').


State 39

   29 expr: expr • '[' exprs ']'
   30     | expr • '(' ')'
   31     | expr • '(' c_expr1 ')'
   32     | expr • '=' expr
   33     | expr • '+' expr
   34     | expr • '-' expr
   35     | expr • "+=" expr
   36     | expr • "-=" expr
   37     | expr • "||" expr
   38     | expr • "&&" expr
   39     | expr • "==" expr
   40     | expr • "!=" expr
   41     | expr • ',' expr
   44     | '-' expr •  ["||", "&&", "==", "!=", "+=", "-=", ',', '?', ':', '=', '+', '-', ')', ';', ']']
   48     | expr • "++"
   49     | expr • "--"
   50     | expr • '?' expr ':' expr

    "++"  shift, and go to state 52
    "--"  shift, and go to state 53
    '('   shift, and go to state 61
    '['   shift, and go to state 62

    $default  reduce using rule 44 (expr)

    Conflict between rule 44 and token "||" resolved as reduce ("||" < '&').
    Conflict between rule 44 and token "&&" resolved as reduce ("&&" < '&').
    Conflict between rule 44 and token "==" resolved as reduce ("==" < '&').
    Conflict between rule 44 and token "!=" resolved as reduce ("!=" < '&').
    Conflict between rule 44 and token "++" resolved as shift (%right "++").
    Conflict between rule 44 and token "--" resolved as shift (%right "--").
    Conflict between rule 44 and token "+=" resolved as reduce ("+=" < '&').
    Conflict between rule 44 and token "-=" resolved as reduce ("-=" < '&').
    Conflict between rule 44 and token ',' resolved as reduce (',' < '&').
    Conflict between rule 44 and token '?' resolved as reduce ('?' < '&').
    Conflict between rule 44 and token '=' resolved as reduce ('=' < '&').
    Conflict between rule 44 and token '+' resolved as reduce ('+' < '&').
    Conflict between rule 44 and token '-' resolved as reduce ('-' < '&').
    Conflict between rule 44 and token '(' resolved as shift ('&' < '(').
    Conflict between rule 44 and token '[' resolved as shift ('&' < '[').


State 40

   29 expr: expr • '[' exprs ']'
   30     | expr • '(' ')'
   31     | expr • '(' c_expr1 ')'
   32     | expr • '=' expr
   33     | expr • '+' expr
   34     | expr • '-' expr
   35     | expr • "+=" expr
   36     | expr • "-=" expr
   37     | expr • "||" expr
   38     | expr • "&&" expr
   39     | expr • "==" expr
   40     | expr • "!=" expr
   41     | expr • ',' expr
   43     | '*' expr •  ["||", "&&", "==", "!=", "+=", "-=", ',', '?', ':', '=', '+', '-', ')', ';', ']']
   48     | expr • "++"
   49     | expr • "--"
   50     | expr • '?' expr ':' expr

    "++"  shift, and go to state 52
    "--"  shift, and go to state 53
    '('   shift, and go to state 61
    '['   shift, and go to state 62

    $default  reduce using rule 43 (expr)

    Conflict between rule 43 and token "||" resolved as reduce ("||" < '&').
    Conflict between rule 43 and token "&&" resolved as reduce ("&&" < '&').
    Conflict between rule 43 and token "==" resolved as reduce ("==" < '&').
    Conflict between rule 43 and token "!=" resolved as reduce ("!=" < '&').
    Conflict between rule 43 and token "++" resolved as shift (%right "++").
    Conflict between rule 43 and token "--" resolved as shift (%right "--").
    Conflict between rule 43 and token "+=" resolved as reduce ("+=" < '&').
    Conflict between rule 43 and token "-=" resolved as reduce ("-=" < '&').
    Conflict between rule 43 and token ',' resolved as reduce (',' < '&').
    Conflict between rule 43 and token '?' resolved as reduce ('?' < '&').
    Conflict between rule 43 and token '=' resolved as reduce ('=' < '&').
    Conflict between rule 43 and token '+' resolved as reduce ('+' < '&').
    Conflict between rule 43 and token '-' resolved as reduce ('-' < '&').
    Conflict between rule 43 and token '(' resolved as shift ('&' < '(').
    Conflict between rule 43 and token '[' resolved as shift ('&' < '[').


State 41

   29 expr: expr • '[' exprs ']'
   30     | expr • '(' ')'
   31     | expr • '(' c_expr1 ')'
   32     | expr • '=' expr
   33     | expr • '+' expr
   34     | expr • '-' expr
   35     | expr • "+=" expr
   36     | expr • "-=" expr
   37     | expr • "||" expr
   38     | expr • "&&" expr
   39     | expr • "==" expr
   40     | expr • "!=" expr
   41     | expr • ',' expr
   42     | '&' expr •  ["||", "&&", "==", "!=", "+=", "-=", ',', '?', ':', '=', '+', '-', ')', ';', ']']
   48     | expr • "++"
   49     | expr • "--"
   50     | expr • '?' expr ':' expr

    "++"  shift, and go to state 52
    "--"  shift, and go to state 53
    '('   shift, and go to state 61
    '['   shift, and go to state 62

    $default  reduce using rule 42 (expr)

    Conflict between rule 42 and token "||" resolved as reduce ("||" < '&').
    Conflict between rule 42 and token "&&" resolved as reduce ("&&" < '&').
    Conflict between rule 42 and token "==" resolved as reduce ("==" < '&').
    Conflict between rule 42 and token "!=" resolved as reduce ("!=" < '&').
    Conflict between rule 42 and token "++" resolved as shift (%right "++").
    Conflict between rule 42 and token "--" resolved as shift (%right "--").
    Conflict between rule 42 and token "+=" resolved as reduce ("+=" < '&').
    Conflict between rule 42 and token "-=" resolved as reduce ("-=" < '&').
    Conflict between rule 42 and token ',' resolved as reduce (',' < '&').
    Conflict between rule 42 and token '?' resolved as reduce ('?' < '&').
    Conflict between rule 42 and token '=' resolved as reduce ('=' < '&').
    Conflict between rule 42 and token '+' resolved as reduce ('+' < '&').
    Conflict between rule 42 and token '-' resolved as reduce ('-' < '&').
    Conflict between rule 42 and token '(' resolved as shift ('&' < '(').
    Conflict between rule 42 and token '[' resolved as shift ('&' < '[').


State 42

   28 expr: '(' exprs • ')'

    ')'  shift, and go to state 68


State 43

   29 expr: expr • '[' exprs ']'
   30     | expr • '(' ')'
   31     | expr • '(' c_expr1 ')'
   32     | expr • '=' expr
   33     | expr • '+' expr
   34     | expr • '-' expr
   35     | expr • "+=" expr
   36     | expr • "-=" expr
   37     | expr • "||" expr
   38     | expr • "&&" expr
   39     | expr • "==" expr
   40     | expr • "!=" expr
   41     | expr • ',' expr
   45     | '!' expr •  ["||", "&&", "==", "!=", "+=", "-=", ',', '?', ':', '=', '+', '-', ')', ';', ']']
   48     | expr • "++"
   49     | expr • "--"
   50     | expr • '?' expr ':' expr

    "++"  shift, and go to state 52
    "--"  shift, and go to state 53
    '('   shift, and go to state 61
    '['   shift, and go to state 62

    $default  reduce using rule 45 (expr)

    Conflict between rule 45 and token "||" resolved as reduce ("||" < '&').
    Conflict between rule 45 and token "&&" resolved as reduce ("&&" < '&').
    Conflict between rule 45 and token "==" resolved as reduce ("==" < '&').
    Conflict between rule 45 and token "!=" resolved as reduce ("!=" < '&').
    Conflict between rule 45 and token "++" resolved as shift (%right "++").
    Conflict between rule 45 and token "--" resolved as shift (%right "--").
    Conflict between rule 45 and token "+=" resolved as reduce ("+=" < '&').
    Conflict between rule 45 and token "-=" resolved as reduce ("-=" < '&').
    Conflict between rule 45 and token ',' resolved as reduce (',' < '&').
    Conflict between rule 45 and token '?' resolved as reduce ('?' < '&').
    Conflict between rule 45 and token '=' resolved as reduce ('=' < '&').
    Conflict between rule 45 and token '+' resolved as reduce ('+' < '&').
    Conflict between rule 45 and token '-' resolved as reduce ('-' < '&').
    Conflict between rule 45 and token '(' resolved as shift ('&' < '(').
    Conflict between rule 45 and token '[' resolved as shift ('&' < '[').


State 44

    8 stmt: com_stmt '}' •

    $default  reduce using rule 8 (stmt)


State 45

   15 com_stmt: com_stmt stmt •

    $default  reduce using rule 15 (com_stmt)


State 46

   17 var_defs: var_defs ',' • var_def1
   18 var_def1: • IDENTIFIER '=' expr
   19         | • IDENTIFIER

    IDENTIFIER  shift, and go to state 35

    var_def1  go to state 69


State 47

   12 stmt: exprs ';' •

    $default  reduce using rule 12 (stmt)


State 48

   25 expr: • NUMCONST
   26     | • STRINGCONST
   27     | • IDENTIFIER
   28     | • '(' exprs ')'
   29     | • expr '[' exprs ']'
   30     | • expr '(' ')'
   31     | • expr '(' c_expr1 ')'
   32     | • expr '=' expr
   33     | • expr '+' expr
   34     | • expr '-' expr
   35     | • expr "+=" expr
   36     | • expr "-=" expr
   37     | • expr "||" expr
   37     | expr "||" • expr
   38     | • expr "&&" expr
   39     | • expr "==" expr
   40     | • expr "!=" expr
   41     | • expr ',' expr
   42     | • '&' expr
   43     | • '*' expr
   44     | • '-' expr
   45     | • '!' expr
   46     | • "++" expr
   47     | • "--" expr
   48     | • expr "++"
   49     | • expr "--"
   50     | • expr '?' expr ':' expr

    IDENTIFIER   shift, and go to state 14
    NUMCONST     shift, and go to state 15
    STRINGCONST  shift, and go to state 16
    "++"         shift, and go to state 17
    "--"         shift, and go to state 18
    '-'          shift, and go to state 19
    '*'          shift, and go to state 20
    '&'          shift, and go to state 21
    '('          shift, and go to state 22
    '!'          shift, and go to state 25

    expr  go to state 70


State 49

   25 expr: • NUMCONST
   26     | • STRINGCONST
   27     | • IDENTIFIER
   28     | • '(' exprs ')'
   29     | • expr '[' exprs ']'
   30     | • expr '(' ')'
   31     | • expr '(' c_expr1 ')'
   32     | • expr '=' expr
   33     | • expr '+' expr
   34     | • expr '-' expr
   35     | • expr "+=" expr
   36     | • expr "-=" expr
   37     | • expr "||" expr
   38     | • expr "&&" expr
   38     | expr "&&" • expr
   39     | • expr "==" expr
   40     | • expr "!=" expr
   41     | • expr ',' expr
   42     | • '&' expr
   43     | • '*' expr
   44     | • '-' expr
   45     | • '!' expr
   46     | • "++" expr
   47     | • "--" expr
   48     | • expr "++"
   49     | • expr "--"
   50     | • expr '?' expr ':' expr

    IDENTIFIER   shift, and go to state 14
    NUMCONST     shift, and go to state 15
    STRINGCONST  shift, and go to state 16
    "++"         shift, and go to state 17
    "--"         shift, and go to state 18
    '-'          shift, and go to state 19
    '*'          shift, and go to state 20
    '&'          shift, and go to state 21
    '('          shift, and go to state 22
    '!'          shift, and go to state 25

    expr  go to state 71


State 50

   25 expr: • NUMCONST
   26     | • STRINGCONST
   27     | • IDENTIFIER
   28     | • '(' exprs ')'
   29     | • expr '[' exprs ']'
   30     | • expr '(' ')'
   31     | • expr '(' c_expr1 ')'
   32     | • expr '=' expr
   33     | • expr '+' expr
   34     | • expr '-' expr
   35     | • expr "+=" expr
   36     | • expr "-=" expr
   37     | • expr "||" expr
   38     | • expr "&&" expr
   39     | • expr "==" expr
   39     | expr "==" • expr
   40     | • expr "!=" expr
   41     | • expr ',' expr
   42     | • '&' expr
   43     | • '*' expr
   44     | • '-' expr
   45     | • '!' expr
   46     | • "++" expr
   47     | • "--" expr
   48     | • expr "++"
   49     | • expr "--"
   50     | • expr '?' expr ':' expr

    IDENTIFIER   shift, and go to state 14
    NUMCONST     shift, and go to state 15
    STRINGCONST  shift, and go to state 16
    "++"         shift, and go to state 17
    "--"         shift, and go to state 18
    '-'          shift, and go to state 19
    '*'          shift, and go to state 20
    '&'          shift, and go to state 21
    '('          shift, and go to state 22
    '!'          shift, and go to state 25

    expr  go to state 72


State 51

   25 expr: • NUMCONST
   26     | • STRINGCONST
   27     | • IDENTIFIER
   28     | • '(' exprs ')'
   29     | • expr '[' exprs ']'
   30     | • expr '(' ')'
   31     | • expr '(' c_expr1 ')'
   32     | • expr '=' expr
   33     | • expr '+' expr
   34     | • expr '-' expr
   35     | • expr "+=" expr
   36     | • expr "-=" expr
   37     | • expr "||" expr
   38     | • expr "&&" expr
   39     | • expr "==" expr
   40     | • expr "!=" expr
   40     | expr "!=" • expr
   41     | • expr ',' expr
   42     | • '&' expr
   43     | • '*' expr
   44     | • '-' expr
   45     | • '!' expr
   46     | • "++" expr
   47     | • "--" expr
   48     | • expr "++"
   49     | • expr "--"
   50     | • expr '?' expr ':' expr

    IDENTIFIER   shift, and go to state 14
    NUMCONST     shift, and go to state 15
    STRINGCONST  shift, and go to state 16
    "++"         shift, and go to state 17
    "--"         shift, and go to state 18
    '-'          shift, and go to state 19
    '*'          shift, and go to state 20
    '&'          shift, and go to state 21
    '('          shift, and go to state 22
    '!'          shift, and go to state 25

    expr  go to state 73


State 52

   48 expr: expr "++" •

    $default  reduce using rule 48 (expr)


State 53

   49 expr: expr "--" •

    $default  reduce using rule 49 (expr)


State 54

   25 expr: • NUMCONST
   26     | • STRINGCONST
   27     | • IDENTIFIER
   28     | • '(' exprs ')'
   29     | • expr '[' exprs ']'
   30     | • expr '(' ')'
   31     | • expr '(' c_expr1 ')'
   32     | • expr '=' expr
   33     | • expr '+' expr
   34     | • expr '-' expr
   35     | • expr "+=" expr
   35     | expr "+=" • expr
   36     | • expr "-=" expr
   37     | • expr "||" expr
   38     | • expr "&&" expr
   39     | • expr "==" expr
   40     | • expr "!=" expr
   41     | • expr ',' expr
   42     | • '&' expr
   43     | • '*' expr
   44     | • '-' expr
   45     | • '!' expr
   46     | • "++" expr
   47     | • "--" expr
   48     | • expr "++"
   49     | • expr "--"
   50     | • expr '?' expr ':' expr

    IDENTIFIER   shift, and go to state 14
    NUMCONST     shift, and go to state 15
    STRINGCONST  shift, and go to state 16
    "++"         shift, and go to state 17
    "--"         shift, and go to state 18
    '-'          shift, and go to state 19
    '*'          shift, and go to state 20
    '&'          shift, and go to state 21
    '('          shift, and go to state 22
    '!'          shift, and go to state 25

    expr  go to state 74


State 55

   25 expr: • NUMCONST
   26     | • STRINGCONST
   27     | • IDENTIFIER
   28     | • '(' exprs ')'
   29     | • expr '[' exprs ']'
   30     | • expr '(' ')'
   31     | • expr '(' c_expr1 ')'
   32     | • expr '=' expr
   33     | • expr '+' expr
   34     | • expr '-' expr
   35     | • expr "+=" expr
   36     | • expr "-=" expr
   36     | expr "-=" • expr
   37     | • expr "||" expr
   38     | • expr "&&" expr
   39     | • expr "==" expr
   40     | • expr "!=" expr
   41     | • expr ',' expr
   42     | • '&' expr
   43     | • '*' expr
   44     | • '-' expr
   45     | • '!' expr
   46     | • "++" expr
   47     | • "--" expr
   48     | • expr "++"
   49     | • expr "--"
   50     | • expr '?' expr ':' expr

    IDENTIFIER   shift, and go to state 14
    NUMCONST     shift, and go to state 15
    STRINGCONST  shift, and go to state 16
    "++"         shift, and go to state 17
    "--"         shift, and go to state 18
    '-'          shift, and go to state 19
    '*'          shift, and go to state 20
    '&'          shift, and go to state 21
    '('          shift, and go to state 22
    '!'          shift, and go to state 25

    expr  go to state 75


State 56

   22 exprs: expr ',' • c_expr1
   23 c_expr1: • expr
   24        | • c_expr1 ',' expr
   25 expr: • NUMCONST
   26     | • STRINGCONST
   27     | • IDENTIFIER
   28     | • '(' exprs ')'
   29     | • expr '[' exprs ']'
   30     | • expr '(' ')'
   31     | • expr '(' c_expr1 ')'
   32     | • expr '=' expr
   33     | • expr '+' expr
   34     | • expr '-' expr
   35     | • expr "+=" expr
   36     | • expr "-=" expr
   37     | • expr "||" expr
   38     | • expr "&&" expr
   39     | • expr "==" expr
   40     | • expr "!=" expr
   41     | • expr ',' expr
   41     | expr ',' • expr
   42     | • '&' expr
   43     | • '*' expr
   44     | • '-' expr
   45     | • '!' expr
   46     | • "++" expr
   47     | • "--" expr
   48     | • expr "++"
   49     | • expr "--"
   50     | • expr '?' expr ':' expr

    IDENTIFIER   shift, and go to state 14
    NUMCONST     shift, and go to state 15
    STRINGCONST  shift, and go to state 16
    "++"         shift, and go to state 17
    "--"         shift, and go to state 18
    '-'          shift, and go to state 19
    '*'          shift, and go to state 20
    '&'          shift, and go to state 21
    '('          shift, and go to state 22
    '!'          shift, and go to state 25

    c_expr1  go to state 76
    expr     go to state 77


State 57

   25 expr: • NUMCONST
   26     | • STRINGCONST
   27     | • IDENTIFIER
   28     | • '(' exprs ')'
   29     | • expr '[' exprs ']'
   30     | • expr '(' ')'
   31     | • expr '(' c_expr1 ')'
   32     | • expr '=' expr
   33     | • expr '+' expr
   34     | • expr '-' expr
   35     | • expr "+=" expr
   36     | • expr "-=" expr
   37     | • expr "||" expr
   38     | • expr "&&" expr
   39     | • expr "==" expr
   40     | • expr "!=" expr
   41     | • expr ',' expr
   42     | • '&' expr
   43     | • '*' expr
   44     | • '-' expr
   45     | • '!' expr
   46     | • "++" expr
   47     | • "--" expr
   48     | • expr "++"
   49     | • expr "--"
   50     | • expr '?' expr ':' expr
   50     | expr '?' • expr ':' expr

    IDENTIFIER   shift, and go to state 14
    NUMCONST     shift, and go to state 15
    STRINGCONST  shift, and go to state 16
    "++"         shift, and go to state 17
    "--"         shift, and go to state 18
    '-'          shift, and go to state 19
    '*'          shift, and go to state 20
    '&'          shift, and go to state 21
    '('          shift, and go to state 22
    '!'          shift, and go to state 25

    expr  go to state 78


State 58

   25 expr: • NUMCONST
   26     | • STRINGCONST
   27     | • IDENTIFIER
   28     | • '(' exprs ')'
   29     | • expr '[' exprs ']'
   30     | • expr '(' ')'
   31     | • expr '(' c_expr1 ')'
   32     | • expr '=' expr
   32     | expr '=' • expr
   33     | • expr '+' expr
   34     | • expr '-' expr
   35     | • expr "+=" expr
   36     | • expr "-=" expr
   37     | • expr "||" expr
   38     | • expr "&&" expr
   39     | • expr "==" expr
   40     | • expr "!=" expr
   41     | • expr ',' expr
   42     | • '&' expr
   43     | • '*' expr
   44     | • '-' expr
   45     | • '!' expr
   46     | • "++" expr
   47     | • "--" expr
   48     | • expr "++"
   49     | • expr "--"
   50     | • expr '?' expr ':' expr

    IDENTIFIER   shift, and go to state 14
    NUMCONST     shift, and go to state 15
    STRINGCONST  shift, and go to state 16
    "++"         shift, and go to state 17
    "--"         shift, and go to state 18
    '-'          shift, and go to state 19
    '*'          shift, and go to state 20
    '&'          shift, and go to state 21
    '('          shift, and go to state 22
    '!'          shift, and go to state 25

    expr  go to state 79


State 59

   25 expr: • NUMCONST
   26     | • STRINGCONST
   27     | • IDENTIFIER
   28     | • '(' exprs ')'
   29     | • expr '[' exprs ']'
   30     | • expr '(' ')'
   31     | • expr '(' c_expr1 ')'
   32     | • expr '=' expr
   33     | • expr '+' expr
   33     | expr '+' • expr
   34     | • expr '-' expr
   35     | • expr "+=" expr
   36     | • expr "-=" expr
   37     | • expr "||" expr
   38     | • expr "&&" expr
   39     | • expr "==" expr
   40     | • expr "!=" expr
   41     | • expr ',' expr
   42     | • '&' expr
   43     | • '*' expr
   44     | • '-' expr
   45     | • '!' expr
   46     | • "++" expr
   47     | • "--" expr
   48     | • expr "++"
   49     | • expr "--"
   50     | • expr '?' expr ':' expr

    IDENTIFIER   shift, and go to state 14
    NUMCONST     shift, and go to state 15
    STRINGCONST  shift, and go to state 16
    "++"         shift, and go to state 17
    "--"         shift, and go to state 18
    '-'          shift, and go to state 19
    '*'          shift, and go to state 20
    '&'          shift, and go to state 21
    '('          shift, and go to state 22
    '!'          shift, and go to state 25

    expr  go to state 80


State 60

   25 expr: • NUMCONST
   26     | • STRINGCONST
   27     | • IDENTIFIER
   28     | • '(' exprs ')'
   29     | • expr '[' exprs ']'
   30     | • expr '(' ')'
   31     | • expr '(' c_expr1 ')'
   32     | • expr '=' expr
   33     | • expr '+' expr
   34     | • expr '-' expr
   34     | expr '-' • expr
   35     | • expr "+=" expr
   36     | • expr "-=" expr
   37     | • expr "||" expr
   38     | • expr "&&" expr
   39     | • expr "==" expr
   40     | • expr "!=" expr
   41     | • expr ',' expr
   42     | • '&' expr
   43     | • '*' expr
   44     | • '-' expr
   45     | • '!' expr
   46     | • "++" expr
   47     | • "--" expr
   48     | • expr "++"
   49     | • expr "--"
   50     | • expr '?' expr ':' expr

    IDENTIFIER   shift, and go to state 14
    NUMCONST     shift, and go to state 15
    STRINGCONST  shift, and go to state 16
    "++"         shift, and go to state 17
    "--"         shift, and go to state 18
    '-'          shift, and go to state 19
    '*'          shift, and go to state 20
    '&'          shift, and go to state 21
    '('          shift, and go to state 22
    '!'          shift, and go to state 25

    expr  go to state 81


State 61

   23 c_expr1: • expr
   24        | • c_expr1 ',' expr
   25 expr: • NUMCONST
   26     | • STRINGCONST
   27     | • IDENTIFIER
   28     | • '(' exprs ')'
   29     | • expr '[' exprs ']'
   30     | • expr '(' ')'
   30     | expr '(' • ')'
   31     | • expr '(' c_expr1 ')'
   31     | expr '(' • c_expr1 ')'
   32     | • expr '=' expr
   33     | • expr '+' expr
   34     | • expr '-' expr
   35     | • expr "+=" expr
   36     | • expr "-=" expr
   37     | • expr "||" expr
   38     | • expr "&&" expr
   39     | • expr "==" expr
   40     | • expr "!=" expr
   41     | • expr ',' expr
   42     | • '&' expr
   43     | • '*' expr
   44     | • '-' expr
   45     | • '!' expr
   46     | • "++" expr
   47     | • "--" expr
   48     | • expr "++"
   49     | • expr "--"
   50     | • expr '?' expr ':' expr

    IDENTIFIER   shift, and go to state 14
    NUMCONST     shift, and go to state 15
    STRINGCONST  shift, and go to state 16
    "++"         shift, and go to state 17
    "--"         shift, and go to state 18
    '-'          shift, and go to state 19
    '*'          shift, and go to state 20
    '&'          shift, and go to state 21
    '('          shift, and go to state 22
    ')'          shift, and go to state 82
    '!'          shift, and go to state 25

    c_expr1  go to state 83
    expr     go to state 84


State 62

   16 var_defs: • "var" var_def1
   17         | • var_defs ',' var_def1
   20 exprs: • var_defs
   21      | • expr
   22      | • expr ',' c_expr1
   25 expr: • NUMCONST
   26     | • STRINGCONST
   27     | • IDENTIFIER
   28     | • '(' exprs ')'
   29     | • expr '[' exprs ']'
   29     | expr '[' • exprs ']'
   30     | • expr '(' ')'
   31     | • expr '(' c_expr1 ')'
   32     | • expr '=' expr
   33     | • expr '+' expr
   34     | • expr '-' expr
   35     | • expr "+=" expr
   36     | • expr "-=" expr
   37     | • expr "||" expr
   38     | • expr "&&" expr
   39     | • expr "==" expr
   40     | • expr "!=" expr
   41     | • expr ',' expr
   42     | • '&' expr
   43     | • '*' expr
   44     | • '-' expr
   45     | • '!' expr
   46     | • "++" expr
   47     | • "--" expr
   48     | • expr "++"
   49     | • expr "--"
   50     | • expr '?' expr ':' expr

    "var"        shift, and go to state 13
    IDENTIFIER   shift, and go to state 14
    NUMCONST     shift, and go to state 15
    STRINGCONST  shift, and go to state 16
    "++"         shift, and go to state 17
    "--"         shift, and go to state 18
    '-'          shift, and go to state 19
    '*'          shift, and go to state 20
    '&'          shift, and go to state 21
    '('          shift, and go to state 22
    '!'          shift, and go to state 25

    var_defs  go to state 28
    exprs     go to state 85
    expr      go to state 30


State 63

   11 stmt: "return" exprs ';' •

    $default  reduce using rule 11 (stmt)


State 64

   10 stmt: "while" '(' exprs • ')' stmt

    ')'  shift, and go to state 86


State 65

    9 stmt: "if" '(' exprs • ')' stmt

    ')'  shift, and go to state 87


State 66

   18 var_def1: IDENTIFIER '=' • expr
   25 expr: • NUMCONST
   26     | • STRINGCONST
   27     | • IDENTIFIER
   28     | • '(' exprs ')'
   29     | • expr '[' exprs ']'
   30     | • expr '(' ')'
   31     | • expr '(' c_expr1 ')'
   32     | • expr '=' expr
   33     | • expr '+' expr
   34     | • expr '-' expr
   35     | • expr "+=" expr
   36     | • expr "-=" expr
   37     | • expr "||" expr
   38     | • expr "&&" expr
   39     | • expr "==" expr
   40     | • expr "!=" expr
   41     | • expr ',' expr
   42     | • '&' expr
   43     | • '*' expr
   44     | • '-' expr
   45     | • '!' expr
   46     | • "++" expr
   47     | • "--" expr
   48     | • expr "++"
   49     | • expr "--"
   50     | • expr '?' expr ':' expr

    IDENTIFIER   shift, and go to state 14
    NUMCONST     shift, and go to state 15
    STRINGCONST  shift, and go to state 16
    "++"         shift, and go to state 17
    "--"         shift, and go to state 18
    '-'          shift, and go to state 19
    '*'          shift, and go to state 20
    '&'          shift, and go to state 21
    '('          shift, and go to state 22
    '!'          shift, and go to state 25

    expr  go to state 88


State 67

   25 expr: • NUMCONST
   26     | • STRINGCONST
   27     | • IDENTIFIER
   28     | • '(' exprs ')'
   29     | • expr '[' exprs ']'
   30     | • expr '(' ')'
   31     | • expr '(' c_expr1 ')'
   32     | • expr '=' expr
   33     | • expr '+' expr
   34     | • expr '-' expr
   35     | • expr "+=" expr
   36     | • expr "-=" expr
   37     | • expr "||" expr
   38     | • expr "&&" expr
   39     | • expr "==" expr
   40     | • expr "!=" expr
   41     | • expr ',' expr
   41     | expr ',' • expr
   42     | • '&' expr
   43     | • '*' expr
   44     | • '-' expr
   45     | • '!' expr
   46     | • "++" expr
   47     | • "--" expr
   48     | • expr "++"
   49     | • expr "--"
   50     | • expr '?' expr ':' expr

    IDENTIFIER   shift, and go to state 14
    NUMCONST     shift, and go to state 15
    STRINGCONST  shift, and go to state 16
    "++"         shift, and go to state 17
    "--"         shift, and go to state 18
    '-'          shift, and go to state 19
    '*'          shift, and go to state 20
    '&'          shift, and go to state 21
    '('          shift, and go to state 22
    '!'          shift, and go to state 25

    expr  go to state 89


State 68

   28 expr: '(' exprs ')' •

    $default  reduce using rule 28 (expr)


State 69

   17 var_defs: var_defs ',' var_def1 •

    $default  reduce using rule 17 (var_defs)


State 70

   29 expr: expr • '[' exprs ']'
   30     | expr • '(' ')'
   31     | expr • '(' c_expr1 ')'
   32     | expr • '=' expr
   33     | expr • '+' expr
   34     | expr • '-' expr
   35     | expr • "+=" expr
   36     | expr • "-=" expr
   37     | expr • "||" expr
   37     | expr "||" expr •  ["||", "+=", "-=", ',', '?', ':', '=', ')', ';', ']']
   38     | expr • "&&" expr
   39     | expr • "==" expr
   40     | expr • "!=" expr
   41     | expr • ',' expr
   48     | expr • "++"
   49     | expr • "--"
   50     | expr • '?' expr ':' expr

    "&&"  shift, and go to state 49
    "=="  shift, and go to state 50
    "!="  shift, and go to state 51
    "++"  shift, and go to state 52
    "--"  shift, and go to state 53
    '+'   shift, and go to state 59
    '-'   shift, and go to state 60
    '('   shift, and go to state 61
    '['   shift, and go to state 62

    $default  reduce using rule 37 (expr)

    Conflict between rule 37 and token "||" resolved as reduce (%left "||").
    Conflict between rule 37 and token "&&" resolved as shift ("||" < "&&").
    Conflict between rule 37 and token "==" resolved as shift ("||" < "==").
    Conflict between rule 37 and token "!=" resolved as shift ("||" < "!=").
    Conflict between rule 37 and token "++" resolved as shift ("||" < "++").
    Conflict between rule 37 and token "--" resolved as shift ("||" < "--").
    Conflict between rule 37 and token "+=" resolved as reduce ("+=" < "||").
    Conflict between rule 37 and token "-=" resolved as reduce ("-=" < "||").
    Conflict between rule 37 and token ',' resolved as reduce (',' < "||").
    Conflict between rule 37 and token '?' resolved as reduce ('?' < "||").
    Conflict between rule 37 and token '=' resolved as reduce ('=' < "||").
    Conflict between rule 37 and token '+' resolved as shift ("||" < '+').
    Conflict between rule 37 and token '-' resolved as shift ("||" < '-').
    Conflict between rule 37 and token '(' resolved as shift ("||" < '(').
    Conflict between rule 37 and token '[' resolved as shift ("||" < '[').


State 71

   29 expr: expr • '[' exprs ']'
   30     | expr • '(' ')'
   31     | expr • '(' c_expr1 ')'
   32     | expr • '=' expr
   33     | expr • '+' expr
   34     | expr • '-' expr
   35     | expr • "+=" expr
   36     | expr • "-=" expr
   37     | expr • "||" expr
   38     | expr • "&&" expr
   38     | expr "&&" expr •  ["||", "&&", "+=", "-=", ',', '?', ':', '=', ')', ';', ']']
   39     | expr • "==" expr
   40     | expr • "!=" expr
   41     | expr • ',' expr
   48     | expr • "++"
   49     | expr • "--"
   50     | expr • '?' expr ':' expr

    "=="  shift, and go to state 50
    "!="  shift, and go to state 51
    "++"  shift, and go to state 52
    "--"  shift, and go to state 53
    '+'   shift, and go to state 59
    '-'   shift, and go to state 60
    '('   shift, and go to state 61
    '['   shift, and go to state 62

    $default  reduce using rule 38 (expr)

    Conflict between rule 38 and token "||" resolved as reduce ("||" < "&&").
    Conflict between rule 38 and token "&&" resolved as reduce (%left "&&").
    Conflict between rule 38 and token "==" resolved as shift ("&&" < "==").
    Conflict between rule 38 and token "!=" resolved as shift ("&&" < "!=").
    Conflict between rule 38 and token "++" resolved as shift ("&&" < "++").
    Conflict between rule 38 and token "--" resolved as shift ("&&" < "--").
    Conflict between rule 38 and token "+=" resolved as reduce ("+=" < "&&").
    Conflict between rule 38 and token "-=" resolved as reduce ("-=" < "&&").
    Conflict between rule 38 and token ',' resolved as reduce (',' < "&&").
    Conflict between rule 38 and token '?' resolved as reduce ('?' < "&&").
    Conflict between rule 38 and token '=' resolved as reduce ('=' < "&&").
    Conflict between rule 38 and token '+' resolved as shift ("&&" < '+').
    Conflict between rule 38 and token '-' resolved as shift ("&&" < '-').
    Conflict between rule 38 and token '(' resolved as shift ("&&" < '(').
    Conflict between rule 38 and token '[' resolved as shift ("&&" < '[').


State 72

   29 expr: expr • '[' exprs ']'
   30     | expr • '(' ')'
   31     | expr • '(' c_expr1 ')'
   32     | expr • '=' expr
   33     | expr • '+' expr
   34     | expr • '-' expr
   35     | expr • "+=" expr
   36     | expr • "-=" expr
   37     | expr • "||" expr
   38     | expr • "&&" expr
   39     | expr • "==" expr
   39     | expr "==" expr •  ["||", "&&", "==", "!=", "+=", "-=", ',', '?', ':', '=', ')', ';', ']']
   40     | expr • "!=" expr
   41     | expr • ',' expr
   48     | expr • "++"
   49     | expr • "--"
   50     | expr • '?' expr ':' expr

    "++"  shift, and go to state 52
    "--"  shift, and go to state 53
    '+'   shift, and go to state 59
    '-'   shift, and go to state 60
    '('   shift, and go to state 61
    '['   shift, and go to state 62

    $default  reduce using rule 39 (expr)

    Conflict between rule 39 and token "||" resolved as reduce ("||" < "==").
    Conflict between rule 39 and token "&&" resolved as reduce ("&&" < "==").
    Conflict between rule 39 and token "==" resolved as reduce (%left "==").
    Conflict between rule 39 and token "!=" resolved as reduce (%left "!=").
    Conflict between rule 39 and token "++" resolved as shift ("==" < "++").
    Conflict between rule 39 and token "--" resolved as shift ("==" < "--").
    Conflict between rule 39 and token "+=" resolved as reduce ("+=" < "==").
    Conflict between rule 39 and token "-=" resolved as reduce ("-=" < "==").
    Conflict between rule 39 and token ',' resolved as reduce (',' < "==").
    Conflict between rule 39 and token '?' resolved as reduce ('?' < "==").
    Conflict between rule 39 and token '=' resolved as reduce ('=' < "==").
    Conflict between rule 39 and token '+' resolved as shift ("==" < '+').
    Conflict between rule 39 and token '-' resolved as shift ("==" < '-').
    Conflict between rule 39 and token '(' resolved as shift ("==" < '(').
    Conflict between rule 39 and token '[' resolved as shift ("==" < '[').


State 73

   29 expr: expr • '[' exprs ']'
   30     | expr • '(' ')'
   31     | expr • '(' c_expr1 ')'
   32     | expr • '=' expr
   33     | expr • '+' expr
   34     | expr • '-' expr
   35     | expr • "+=" expr
   36     | expr • "-=" expr
   37     | expr • "||" expr
   38     | expr • "&&" expr
   39     | expr • "==" expr
   40     | expr • "!=" expr
   40     | expr "!=" expr •  ["||", "&&", "==", "!=", "+=", "-=", ',', '?', ':', '=', ')', ';', ']']
   41     | expr • ',' expr
   48     | expr • "++"
   49     | expr • "--"
   50     | expr • '?' expr ':' expr

    "++"  shift, and go to state 52
    "--"  shift, and go to state 53
    '+'   shift, and go to state 59
    '-'   shift, and go to state 60
    '('   shift, and go to state 61
    '['   shift, and go to state 62

    $default  reduce using rule 40 (expr)

    Conflict between rule 40 and token "||" resolved as reduce ("||" < "!=").
    Conflict between rule 40 and token "&&" resolved as reduce ("&&" < "!=").
    Conflict between rule 40 and token "==" resolved as reduce (%left "==").
    Conflict between rule 40 and token "!=" resolved as reduce (%left "!=").
    Conflict between rule 40 and token "++" resolved as shift ("!=" < "++").
    Conflict between rule 40 and token "--" resolved as shift ("!=" < "--").
    Conflict between rule 40 and token "+=" resolved as reduce ("+=" < "!=").
    Conflict between rule 40 and token "-=" resolved as reduce ("-=" < "!=").
    Conflict between rule 40 and token ',' resolved as reduce (',' < "!=").
    Conflict between rule 40 and token '?' resolved as reduce ('?' < "!=").
    Conflict between rule 40 and token '=' resolved as reduce ('=' < "!=").
    Conflict between rule 40 and token '+' resolved as shift ("!=" < '+').
    Conflict between rule 40 and token '-' resolved as shift ("!=" < '-').
    Conflict between rule 40 and token '(' resolved as shift ("!=" < '(').
    Conflict between rule 40 and token '[' resolved as shift ("!=" < '[').


State 74

   29 expr: expr • '[' exprs ']'
   30     | expr • '(' ')'
   31     | expr • '(' c_expr1 ')'
   32     | expr • '=' expr
   33     | expr • '+' expr
   34     | expr • '-' expr
   35     | expr • "+=" expr
   35     | expr "+=" expr •  [',', ':', ')', ';', ']']
   36     | expr • "-=" expr
   37     | expr • "||" expr
   38     | expr • "&&" expr
   39     | expr • "==" expr
   40     | expr • "!=" expr
   41     | expr • ',' expr
   48     | expr • "++"
   49     | expr • "--"
   50     | expr • '?' expr ':' expr

    "||"  shift, and go to state 48
    "&&"  shift, and go to state 49
    "=="  shift, and go to state 50
    "!="  shift, and go to state 51
    "++"  shift, and go to state 52
    "--"  shift, and go to state 53
    "+="  shift, and go to state 54
    "-="  shift, and go to state 55
    '?'   shift, and go to state 57
    '='   shift, and go to state 58
    '+'   shift, and go to state 59
    '-'   shift, and go to state 60
    '('   shift, and go to state 61
    '['   shift, and go to state 62

    $default  reduce using rule 35 (expr)

    Conflict between rule 35 and token "||" resolved as shift ("+=" < "||").
    Conflict between rule 35 and token "&&" resolved as shift ("+=" < "&&").
    Conflict between rule 35 and token "==" resolved as shift ("+=" < "==").
    Conflict between rule 35 and token "!=" resolved as shift ("+=" < "!=").
    Conflict between rule 35 and token "++" resolved as shift ("+=" < "++").
    Conflict between rule 35 and token "--" resolved as shift ("+=" < "--").
    Conflict between rule 35 and token "+=" resolved as shift (%right "+=").
    Conflict between rule 35 and token "-=" resolved as shift (%right "-=").
    Conflict between rule 35 and token ',' resolved as reduce (',' < "+=").
    Conflict between rule 35 and token '?' resolved as shift (%right '?').
    Conflict between rule 35 and token '=' resolved as shift (%right '=').
    Conflict between rule 35 and token '+' resolved as shift ("+=" < '+').
    Conflict between rule 35 and token '-' resolved as shift ("+=" < '-').
    Conflict between rule 35 and token '(' resolved as shift ("+=" < '(').
    Conflict between rule 35 and token '[' resolved as shift ("+=" < '[').


State 75

   29 expr: expr • '[' exprs ']'
   30     | expr • '(' ')'
   31     | expr • '(' c_expr1 ')'
   32     | expr • '=' expr
   33     | expr • '+' expr
   34     | expr • '-' expr
   35     | expr • "+=" expr
   36     | expr • "-=" expr
   36     | expr "-=" expr •  [',', ':', ')', ';', ']']
   37     | expr • "||" expr
   38     | expr • "&&" expr
   39     | expr • "==" expr
   40     | expr • "!=" expr
   41     | expr • ',' expr
   48     | expr • "++"
   49     | expr • "--"
   50     | expr • '?' expr ':' expr

    "||"  shift, and go to state 48
    "&&"  shift, and go to state 49
    "=="  shift, and go to state 50
    "!="  shift, and go to state 51
    "++"  shift, and go to state 52
    "--"  shift, and go to state 53
    "+="  shift, and go to state 54
    "-="  shift, and go to state 55
    '?'   shift, and go to state 57
    '='   shift, and go to state 58
    '+'   shift, and go to state 59
    '-'   shift, and go to state 60
    '('   shift, and go to state 61
    '['   shift, and go to state 62

    $default  reduce using rule 36 (expr)

    Conflict between rule 36 and token "||" resolved as shift ("-=" < "||").
    Conflict between rule 36 and token "&&" resolved as shift ("-=" < "&&").
    Conflict between rule 36 and token "==" resolved as shift ("-=" < "==").
    Conflict between rule 36 and token "!=" resolved as shift ("-=" < "!=").
    Conflict between rule 36 and token "++" resolved as shift ("-=" < "++").
    Conflict between rule 36 and token "--" resolved as shift ("-=" < "--").
    Conflict between rule 36 and token "+=" resolved as shift (%right "+=").
    Conflict between rule 36 and token "-=" resolved as shift (%right "-=").
    Conflict between rule 36 and token ',' resolved as reduce (',' < "-=").
    Conflict between rule 36 and token '?' resolved as shift (%right '?').
    Conflict between rule 36 and token '=' resolved as shift (%right '=').
    Conflict between rule 36 and token '+' resolved as shift ("-=" < '+').
    Conflict between rule 36 and token '-' resolved as shift ("-=" < '-').
    Conflict between rule 36 and token '(' resolved as shift ("-=" < '(').
    Conflict between rule 36 and token '[' resolved as shift ("-=" < '[').


State 76

   22 exprs: expr ',' c_expr1 •  [')', ';', ']']
   24 c_expr1: c_expr1 • ',' expr

    ','  shift, and go to state 90

    $default  reduce using rule 22 (exprs)


State 77

   23 c_expr1: expr •  [',', ')', ';', ']']
   29 expr: expr • '[' exprs ']'
   30     | expr • '(' ')'
   31     | expr • '(' c_expr1 ')'
   32     | expr • '=' expr
   33     | expr • '+' expr
   34     | expr • '-' expr
   35     | expr • "+=" expr
   36     | expr • "-=" expr
   37     | expr • "||" expr
   38     | expr • "&&" expr
   39     | expr • "==" expr
   40     | expr • "!=" expr
   41     | expr • ',' expr
   41     | expr ',' expr •  [',', ')', ';', ']']
   48     | expr • "++"
   49     | expr • "--"
   50     | expr • '?' expr ':' expr

    "||"  shift, and go to state 48
    "&&"  shift, and go to state 49
    "=="  shift, and go to state 50
    "!="  shift, and go to state 51
    "++"  shift, and go to state 52
    "--"  shift, and go to state 53
    "+="  shift, and go to state 54
    "-="  shift, and go to state 55
    '?'   shift, and go to state 57
    '='   shift, and go to state 58
    '+'   shift, and go to state 59
    '-'   shift, and go to state 60
    '('   shift, and go to state 61
    '['   shift, and go to state 62

    ','       reduce using rule 23 (c_expr1)
    ','       [reduce using rule 41 (expr)]
    ')'       reduce using rule 23 (c_expr1)
    ')'       [reduce using rule 41 (expr)]
    ';'       reduce using rule 23 (c_expr1)
    ';'       [reduce using rule 41 (expr)]
    ']'       reduce using rule 23 (c_expr1)
    ']'       [reduce using rule 41 (expr)]
    $default  reduce using rule 23 (c_expr1)

    Conflict between rule 41 and token "||" resolved as shift (',' < "||").
    Conflict between rule 41 and token "&&" resolved as shift (',' < "&&").
    Conflict between rule 41 and token "==" resolved as shift (',' < "==").
    Conflict between rule 41 and token "!=" resolved as shift (',' < "!=").
    Conflict between rule 41 and token "++" resolved as shift (',' < "++").
    Conflict between rule 41 and token "--" resolved as shift (',' < "--").
    Conflict between rule 41 and token "+=" resolved as shift (',' < "+=").
    Conflict between rule 41 and token "-=" resolved as shift (',' < "-=").
    Conflict between rule 41 and token ',' resolved as reduce (%left ',').
    Conflict between rule 41 and token '?' resolved as shift (',' < '?').
    Conflict between rule 41 and token '=' resolved as shift (',' < '=').
    Conflict between rule 41 and token '+' resolved as shift (',' < '+').
    Conflict between rule 41 and token '-' resolved as shift (',' < '-').
    Conflict between rule 41 and token '(' resolved as shift (',' < '(').
    Conflict between rule 41 and token '[' resolved as shift (',' < '[').

    reduce/reduce conflict on tokens ',', ')', ';', ']':
       23 c_expr1: expr •
       41 expr: expr ',' expr •
      Example: expr ',' expr •
      First reduce derivation
        exprs
        ↳ 22: expr ',' c_expr1
                       ↳ 23: expr •
      Second reduce derivation
        exprs
        ↳ 21: expr
              ↳ 41: expr ',' expr •



State 78

   29 expr: expr • '[' exprs ']'
   30     | expr • '(' ')'
   31     | expr • '(' c_expr1 ')'
   32     | expr • '=' expr
   33     | expr • '+' expr
   34     | expr • '-' expr
   35     | expr • "+=" expr
   36     | expr • "-=" expr
   37     | expr • "||" expr
   38     | expr • "&&" expr
   39     | expr • "==" expr
   40     | expr • "!=" expr
   41     | expr • ',' expr
   48     | expr • "++"
   49     | expr • "--"
   50     | expr • '?' expr ':' expr
   50     | expr '?' expr • ':' expr

    "||"  shift, and go to state 48
    "&&"  shift, and go to state 49
    "=="  shift, and go to state 50
    "!="  shift, and go to state 51
    "++"  shift, and go to state 52
    "--"  shift, and go to state 53
    "+="  shift, and go to state 54
    "-="  shift, and go to state 55
    ','   shift, and go to state 67
    '?'   shift, and go to state 57
    ':'   shift, and go to state 91
    '='   shift, and go to state 58
    '+'   shift, and go to state 59
    '-'   shift, and go to state 60
    '('   shift, and go to state 61
    '['   shift, and go to state 62


State 79

   29 expr: expr • '[' exprs ']'
   30     | expr • '(' ')'
   31     | expr • '(' c_expr1 ')'
   32     | expr • '=' expr
   32     | expr '=' expr •  [',', ':', ')', ';', ']']
   33     | expr • '+' expr
   34     | expr • '-' expr
   35     | expr • "+=" expr
   36     | expr • "-=" expr
   37     | expr • "||" expr
   38     | expr • "&&" expr
   39     | expr • "==" expr
   40     | expr • "!=" expr
   41     | expr • ',' expr
   48     | expr • "++"
   49     | expr • "--"
   50     | expr • '?' expr ':' expr

    "||"  shift, and go to state 48
    "&&"  shift, and go to state 49
    "=="  shift, and go to state 50
    "!="  shift, and go to state 51
    "++"  shift, and go to state 52
    "--"  shift, and go to state 53
    "+="  shift, and go to state 54
    "-="  shift, and go to state 55
    '?'   shift, and go to state 57
    '='   shift, and go to state 58
    '+'   shift, and go to state 59
    '-'   shift, and go to state 60
    '('   shift, and go to state 61
    '['   shift, and go to state 62

    $default  reduce using rule 32 (expr)

    Conflict between rule 32 and token "||" resolved as shift ('=' < "||").
    Conflict between rule 32 and token "&&" resolved as shift ('=' < "&&").
    Conflict between rule 32 and token "==" resolved as shift ('=' < "==").
    Conflict between rule 32 and token "!=" resolved as shift ('=' < "!=").
    Conflict between rule 32 and token "++" resolved as shift ('=' < "++").
    Conflict between rule 32 and token "--" resolved as shift ('=' < "--").
    Conflict between rule 32 and token "+=" resolved as shift (%right "+=").
    Conflict between rule 32 and token "-=" resolved as shift (%right "-=").
    Conflict between rule 32 and token ',' resolved as reduce (',' < '=').
    Conflict between rule 32 and token '?' resolved as shift (%right '?').
    Conflict between rule 32 and token '=' resolved as shift (%right '=').
    Conflict between rule 32 and token '+' resolved as shift ('=' < '+').
    Conflict between rule 32 and token '-' resolved as shift ('=' < '-').
    Conflict between rule 32 and token '(' resolved as shift ('=' < '(').
    Conflict between rule 32 and token '[' resolved as shift ('=' < '[').


State 80

   29 expr: expr • '[' exprs ']'
   30     | expr • '(' ')'
   31     | expr • '(' c_expr1 ')'
   32     | expr • '=' expr
   33     | expr • '+' expr
   33     | expr '+' expr •  ["||", "&&", "==", "!=", "+=", "-=", ',', '?', ':', '=', '+', '-', ')', ';', ']']
   34     | expr • '-' expr
   35     | expr • "+=" expr
   36     | expr • "-=" expr
   37     | expr • "||" expr
   38     | expr • "&&" expr
   39     | expr • "==" expr
   40     | expr • "!=" expr
   41     | expr • ',' expr
   48     | expr • "++"
   49     | expr • "--"
   50     | expr • '?' expr ':' expr

    "++"  shift, and go to state 52
    "--"  shift, and go to state 53
    '('   shift, and go to state 61
    '['   shift, and go to state 62

    $default  reduce using rule 33 (expr)

    Conflict between rule 33 and token "||" resolved as reduce ("||" < '+').
    Conflict between rule 33 and token "&&" resolved as reduce ("&&" < '+').
    Conflict between rule 33 and token "==" resolved as reduce ("==" < '+').
    Conflict between rule 33 and token "!=" resolved as reduce ("!=" < '+').
    Conflict between rule 33 and token "++" resolved as shift ('+' < "++").
    Conflict between rule 33 and token "--" resolved as shift ('+' < "--").
    Conflict between rule 33 and token "+=" resolved as reduce ("+=" < '+').
    Conflict between rule 33 and token "-=" resolved as reduce ("-=" < '+').
    Conflict between rule 33 and token ',' resolved as reduce (',' < '+').
    Conflict between rule 33 and token '?' resolved as reduce ('?' < '+').
    Conflict between rule 33 and token '=' resolved as reduce ('=' < '+').
    Conflict between rule 33 and token '+' resolved as reduce (%left '+').
    Conflict between rule 33 and token '-' resolved as reduce (%left '-').
    Conflict between rule 33 and token '(' resolved as shift ('+' < '(').
    Conflict between rule 33 and token '[' resolved as shift ('+' < '[').


State 81

   29 expr: expr • '[' exprs ']'
   30     | expr • '(' ')'
   31     | expr • '(' c_expr1 ')'
   32     | expr • '=' expr
   33     | expr • '+' expr
   34     | expr • '-' expr
   34     | expr '-' expr •  ["||", "&&", "==", "!=", "+=", "-=", ',', '?', ':', '=', '+', '-', ')', ';', ']']
   35     | expr • "+=" expr
   36     | expr • "-=" expr
   37     | expr • "||" expr
   38     | expr • "&&" expr
   39     | expr • "==" expr
   40     | expr • "!=" expr
   41     | expr • ',' expr
   48     | expr • "++"
   49     | expr • "--"
   50     | expr • '?' expr ':' expr

    "++"  shift, and go to state 52
    "--"  shift, and go to state 53
    '('   shift, and go to state 61
    '['   shift, and go to state 62

    $default  reduce using rule 34 (expr)

    Conflict between rule 34 and token "||" resolved as reduce ("||" < '+').
    Conflict between rule 34 and token "&&" resolved as reduce ("&&" < '+').
    Conflict between rule 34 and token "==" resolved as reduce ("==" < '+').
    Conflict between rule 34 and token "!=" resolved as reduce ("!=" < '+').
    Conflict between rule 34 and token "++" resolved as shift ('+' < "++").
    Conflict between rule 34 and token "--" resolved as shift ('+' < "--").
    Conflict between rule 34 and token "+=" resolved as reduce ("+=" < '+').
    Conflict between rule 34 and token "-=" resolved as reduce ("-=" < '+').
    Conflict between rule 34 and token ',' resolved as reduce (',' < '+').
    Conflict between rule 34 and token '?' resolved as reduce ('?' < '+').
    Conflict between rule 34 and token '=' resolved as reduce ('=' < '+').
    Conflict between rule 34 and token '+' resolved as reduce (%left '+').
    Conflict between rule 34 and token '-' resolved as reduce (%left '-').
    Conflict between rule 34 and token '(' resolved as shift ('+' < '(').
    Conflict between rule 34 and token '[' resolved as shift ('+' < '[').


State 82

   30 expr: expr '(' ')' •

    $default  reduce using rule 30 (expr)


State 83

   24 c_expr1: c_expr1 • ',' expr
   31 expr: expr '(' c_expr1 • ')'

    ','  shift, and go to state 90
    ')'  shift, and go to state 92


State 84

   23 c_expr1: expr •  [',', ')']
   29 expr: expr • '[' exprs ']'
   30     | expr • '(' ')'
   31     | expr • '(' c_expr1 ')'
   32     | expr • '=' expr
   33     | expr • '+' expr
   34     | expr • '-' expr
   35     | expr • "+=" expr
   36     | expr • "-=" expr
   37     | expr • "||" expr
   38     | expr • "&&" expr
   39     | expr • "==" expr
   40     | expr • "!=" expr
   41     | expr • ',' expr
   48     | expr • "++"
   49     | expr • "--"
   50     | expr • '?' expr ':' expr

    "||"  shift, and go to state 48
    "&&"  shift, and go to state 49
    "=="  shift, and go to state 50
    "!="  shift, and go to state 51
    "++"  shift, and go to state 52
    "--"  shift, and go to state 53
    "+="  shift, and go to state 54
    "-="  shift, and go to state 55
    ','   shift, and go to state 67
    '?'   shift, and go to state 57
    '='   shift, and go to state 58
    '+'   shift, and go to state 59
    '-'   shift, and go to state 60
    '('   shift, and go to state 61
    '['   shift, and go to state 62

    ','       [reduce using rule 23 (c_expr1)]
    $default  reduce using rule 23 (c_expr1)

    shift/reduce conflict on token ',':
       23 c_expr1: expr •
       41 expr: expr • ',' expr
      Example: expr • ',' expr
      Shift derivation
        c_expr1
        ↳ 23: expr
              ↳ 41: expr • ',' expr
      Reduce derivation
        c_expr1
        ↳ 24: c_expr1      ',' expr
              ↳ 23: expr •



State 85

   29 expr: expr '[' exprs • ']'

    ']'  shift, and go to state 93


State 86

    8 stmt: • com_stmt '}'
    9     | • "if" '(' exprs ')' stmt
   10     | • "while" '(' exprs ')' stmt
   10     | "while" '(' exprs ')' • stmt
   11     | • "return" exprs ';'
   12     | • exprs ';'
   13     | • ';'
   14 com_stmt: • '{'
   15         | • com_stmt stmt
   16 var_defs: • "var" var_def1
   17         | • var_defs ',' var_def1
   20 exprs: • var_defs
   21      | • expr
   22      | • expr ',' c_expr1
   25 expr: • NUMCONST
   26     | • STRINGCONST
   27     | • IDENTIFIER
   28     | • '(' exprs ')'
   29     | • expr '[' exprs ']'
   30     | • expr '(' ')'
   31     | • expr '(' c_expr1 ')'
   32     | • expr '=' expr
   33     | • expr '+' expr
   34     | • expr '-' expr
   35     | • expr "+=" expr
   36     | • expr "-=" expr
   37     | • expr "||" expr
   38     | • expr "&&" expr
   39     | • expr "==" expr
   40     | • expr "!=" expr
   41     | • expr ',' expr
   42     | • '&' expr
   43     | • '*' expr
   44     | • '-' expr
   45     | • '!' expr
   46     | • "++" expr
   47     | • "--" expr
   48     | • expr "++"
   49     | • expr "--"
   50     | • expr '?' expr ':' expr

    "return"     shift, and go to state 10
    "while"      shift, and go to state 11
    "if"         shift, and go to state 12
    "var"        shift, and go to state 13
    IDENTIFIER   shift, and go to state 14
    NUMCONST     shift, and go to state 15
    STRINGCONST  shift, and go to state 16
    "++"         shift, and go to state 17
    "--"         shift, and go to state 18
    '-'          shift, and go to state 19
    '*'          shift, and go to state 20
    '&'          shift, and go to state 21
    '('          shift, and go to state 22
    ';'          shift, and go to state 23
    '{'          shift, and go to state 24
    '!'          shift, and go to state 25

    stmt      go to state 94
    com_stmt  go to state 27
    var_defs  go to state 28
    exprs     go to state 29
    expr      go to state 30


State 87

    8 stmt: • com_stmt '}'
    9     | • "if" '(' exprs ')' stmt
    9     | "if" '(' exprs ')' • stmt
   10     | • "while" '(' exprs ')' stmt
   11     | • "return" exprs ';'
   12     | • exprs ';'
   13     | • ';'
   14 com_stmt: • '{'
   15         | • com_stmt stmt
   16 var_defs: • "var" var_def1
   17         | • var_defs ',' var_def1
   20 exprs: • var_defs
   21      | • expr
   22      | • expr ',' c_expr1
   25 expr: • NUMCONST
   26     | • STRINGCONST
   27     | • IDENTIFIER
   28     | • '(' exprs ')'
   29     | • expr '[' exprs ']'
   30     | • expr '(' ')'
   31     | • expr '(' c_expr1 ')'
   32     | • expr '=' expr
   33     | • expr '+' expr
   34     | • expr '-' expr
   35     | • expr "+=" expr
   36     | • expr "-=" expr
   37     | • expr "||" expr
   38     | • expr "&&" expr
   39     | • expr "==" expr
   40     | • expr "!=" expr
   41     | • expr ',' expr
   42     | • '&' expr
   43     | • '*' expr
   44     | • '-' expr
   45     | • '!' expr
   46     | • "++" expr
   47     | • "--" expr
   48     | • expr "++"
   49     | • expr "--"
   50     | • expr '?' expr ':' expr

    "return"     shift, and go to state 10
    "while"      shift, and go to state 11
    "if"         shift, and go to state 12
    "var"        shift, and go to state 13
    IDENTIFIER   shift, and go to state 14
    NUMCONST     shift, and go to state 15
    STRINGCONST  shift, and go to state 16
    "++"         shift, and go to state 17
    "--"         shift, and go to state 18
    '-'          shift, and go to state 19
    '*'          shift, and go to state 20
    '&'          shift, and go to state 21
    '('          shift, and go to state 22
    ';'          shift, and go to state 23
    '{'          shift, and go to state 24
    '!'          shift, and go to state 25

    stmt      go to state 95
    com_stmt  go to state 27
    var_defs  go to state 28
    exprs     go to state 29
    expr      go to state 30


State 88

   18 var_def1: IDENTIFIER '=' expr •  [',', ')', ';', ']']
   29 expr: expr • '[' exprs ']'
   30     | expr • '(' ')'
   31     | expr • '(' c_expr1 ')'
   32     | expr • '=' expr
   33     | expr • '+' expr
   34     | expr • '-' expr
   35     | expr • "+=" expr
   36     | expr • "-=" expr
   37     | expr • "||" expr
   38     | expr • "&&" expr
   39     | expr • "==" expr
   40     | expr • "!=" expr
   41     | expr • ',' expr
   48     | expr • "++"
   49     | expr • "--"
   50     | expr • '?' expr ':' expr

    "||"  shift, and go to state 48
    "&&"  shift, and go to state 49
    "=="  shift, and go to state 50
    "!="  shift, and go to state 51
    "++"  shift, and go to state 52
    "--"  shift, and go to state 53
    "+="  shift, and go to state 54
    "-="  shift, and go to state 55
    '?'   shift, and go to state 57
    '='   shift, and go to state 58
    '+'   shift, and go to state 59
    '-'   shift, and go to state 60
    '('   shift, and go to state 61
    '['   shift, and go to state 62

    $default  reduce using rule 18 (var_def1)

    Conflict between rule 18 and token ',' resolved as reduce (',' < '=').


State 89

   29 expr: expr • '[' exprs ']'
   30     | expr • '(' ')'
   31     | expr • '(' c_expr1 ')'
   32     | expr • '=' expr
   33     | expr • '+' expr
   34     | expr • '-' expr
   35     | expr • "+=" expr
   36     | expr • "-=" expr
   37     | expr • "||" expr
   38     | expr • "&&" expr
   39     | expr • "==" expr
   40     | expr • "!=" expr
   41     | expr • ',' expr
   41     | expr ',' expr •  [',', ':', ')', ';', ']']
   48     | expr • "++"
   49     | expr • "--"
   50     | expr • '?' expr ':' expr

    "||"  shift, and go to state 48
    "&&"  shift, and go to state 49
    "=="  shift, and go to state 50
    "!="  shift, and go to state 51
    "++"  shift, and go to state 52
    "--"  shift, and go to state 53
    "+="  shift, and go to state 54
    "-="  shift, and go to state 55
    '?'   shift, and go to state 57
    '='   shift, and go to state 58
    '+'   shift, and go to state 59
    '-'   shift, and go to state 60
    '('   shift, and go to state 61
    '['   shift, and go to state 62

    $default  reduce using rule 41 (expr)

    Conflict between rule 41 and token "||" resolved as shift (',' < "||").
    Conflict between rule 41 and token "&&" resolved as shift (',' < "&&").
    Conflict between rule 41 and token "==" resolved as shift (',' < "==").
    Conflict between rule 41 and token "!=" resolved as shift (',' < "!=").
    Conflict between rule 41 and token "++" resolved as shift (',' < "++").
    Conflict between rule 41 and token "--" resolved as shift (',' < "--").
    Conflict between rule 41 and token "+=" resolved as shift (',' < "+=").
    Conflict between rule 41 and token "-=" resolved as shift (',' < "-=").
    Conflict between rule 41 and token ',' resolved as reduce (%left ',').
    Conflict between rule 41 and token '?' resolved as shift (',' < '?').
    Conflict between rule 41 and token '=' resolved as shift (',' < '=').
    Conflict between rule 41 and token '+' resolved as shift (',' < '+').
    Conflict between rule 41 and token '-' resolved as shift (',' < '-').
    Conflict between rule 41 and token '(' resolved as shift (',' < '(').
    Conflict between rule 41 and token '[' resolved as shift (',' < '[').


State 90

   24 c_expr1: c_expr1 ',' • expr
   25 expr: • NUMCONST
   26     | • STRINGCONST
   27     | • IDENTIFIER
   28     | • '(' exprs ')'
   29     | • expr '[' exprs ']'
   30     | • expr '(' ')'
   31     | • expr '(' c_expr1 ')'
   32     | • expr '=' expr
   33     | • expr '+' expr
   34     | • expr '-' expr
   35     | • expr "+=" expr
   36     | • expr "-=" expr
   37     | • expr "||" expr
   38     | • expr "&&" expr
   39     | • expr "==" expr
   40     | • expr "!=" expr
   41     | • expr ',' expr
   42     | • '&' expr
   43     | • '*' expr
   44     | • '-' expr
   45     | • '!' expr
   46     | • "++" expr
   47     | • "--" expr
   48     | • expr "++"
   49     | • expr "--"
   50     | • expr '?' expr ':' expr

    IDENTIFIER   shift, and go to state 14
    NUMCONST     shift, and go to state 15
    STRINGCONST  shift, and go to state 16
    "++"         shift, and go to state 17
    "--"         shift, and go to state 18
    '-'          shift, and go to state 19
    '*'          shift, and go to state 20
    '&'          shift, and go to state 21
    '('          shift, and go to state 22
    '!'          shift, and go to state 25

    expr  go to state 96


State 91

   25 expr: • NUMCONST
   26     | • STRINGCONST
   27     | • IDENTIFIER
   28     | • '(' exprs ')'
   29     | • expr '[' exprs ']'
   30     | • expr '(' ')'
   31     | • expr '(' c_expr1 ')'
   32     | • expr '=' expr
   33     | • expr '+' expr
   34     | • expr '-' expr
   35     | • expr "+=" expr
   36     | • expr "-=" expr
   37     | • expr "||" expr
   38     | • expr "&&" expr
   39     | • expr "==" expr
   40     | • expr "!=" expr
   41     | • expr ',' expr
   42     | • '&' expr
   43     | • '*' expr
   44     | • '-' expr
   45     | • '!' expr
   46     | • "++" expr
   47     | • "--" expr
   48     | • expr "++"
   49     | • expr "--"
   50     | • expr '?' expr ':' expr
   50     | expr '?' expr ':' • expr

    IDENTIFIER   shift, and go to state 14
    NUMCONST     shift, and go to state 15
    STRINGCONST  shift, and go to state 16
    "++"         shift, and go to state 17
    "--"         shift, and go to state 18
    '-'          shift, and go to state 19
    '*'          shift, and go to state 20
    '&'          shift, and go to state 21
    '('          shift, and go to state 22
    '!'          shift, and go to state 25

    expr  go to state 97


State 92

   31 expr: expr '(' c_expr1 ')' •

    $default  reduce using rule 31 (expr)


State 93

   29 expr: expr '[' exprs ']' •

    $default  reduce using rule 29 (expr)


State 94

   10 stmt: "while" '(' exprs ')' stmt •

    $default  reduce using rule 10 (stmt)


State 95

    9 stmt: "if" '(' exprs ')' stmt •

    $default  reduce using rule 9 (stmt)


State 96

   24 c_expr1: c_expr1 ',' expr •  [',', ')', ';', ']']
   29 expr: expr • '[' exprs ']'
   30     | expr • '(' ')'
   31     | expr • '(' c_expr1 ')'
   32     | expr • '=' expr
   33     | expr • '+' expr
   34     | expr • '-' expr
   35     | expr • "+=" expr
   36     | expr • "-=" expr
   37     | expr • "||" expr
   38     | expr • "&&" expr
   39     | expr • "==" expr
   40     | expr • "!=" expr
   41     | expr • ',' expr
   48     | expr • "++"
   49     | expr • "--"
   50     | expr • '?' expr ':' expr

    "||"  shift, and go to state 48
    "&&"  shift, and go to state 49
    "=="  shift, and go to state 50
    "!="  shift, and go to state 51
    "++"  shift, and go to state 52
    "--"  shift, and go to state 53
    "+="  shift, and go to state 54
    "-="  shift, and go to state 55
    '?'   shift, and go to state 57
    '='   shift, and go to state 58
    '+'   shift, and go to state 59
    '-'   shift, and go to state 60
    '('   shift, and go to state 61
    '['   shift, and go to state 62

    $default  reduce using rule 24 (c_expr1)

    Conflict between rule 24 and token ',' resolved as reduce (%left ',').


State 97

   29 expr: expr • '[' exprs ']'
   30     | expr • '(' ')'
   31     | expr • '(' c_expr1 ')'
   32     | expr • '=' expr
   33     | expr • '+' expr
   34     | expr • '-' expr
   35     | expr • "+=" expr
   36     | expr • "-=" expr
   37     | expr • "||" expr
   38     | expr • "&&" expr
   39     | expr • "==" expr
   40     | expr • "!=" expr
   41     | expr • ',' expr
   48     | expr • "++"
   49     | expr • "--"
   50     | expr • '?' expr ':' expr
   50     | expr '?' expr ':' expr •  [',', ':', ')', ';', ']']

    "||"  shift, and go to state 48
    "&&"  shift, and go to state 49
    "=="  shift, and go to state 50
    "!="  shift, and go to state 51
    "++"  shift, and go to state 52
    "--"  shift, and go to state 53
    "+="  shift, and go to state 54
    "-="  shift, and go to state 55
    '?'   shift, and go to state 57
    '='   shift, and go to state 58
    '+'   shift, and go to state 59
    '-'   shift, and go to state 60
    '('   shift, and go to state 61
    '['   shift, and go to state 62

    $default  reduce using rule 50 (expr)

    Conflict between rule 50 and token "||" resolved as shift (':' < "||").
    Conflict between rule 50 and token "&&" resolved as shift (':' < "&&").
    Conflict between rule 50 and token "==" resolved as shift (':' < "==").
    Conflict between rule 50 and token "!=" resolved as shift (':' < "!=").
    Conflict between rule 50 and token "++" resolved as shift (':' < "++").
    Conflict between rule 50 and token "--" resolved as shift (':' < "--").
    Conflict between rule 50 and token "+=" resolved as shift (%right "+=").
    Conflict between rule 50 and token "-=" resolved as shift (%right "-=").
    Conflict between rule 50 and token ',' resolved as reduce (',' < ':').
    Conflict between rule 50 and token '?' resolved as shift (%right '?').
    Conflict between rule 50 and token '=' resolved as shift (%right '=').
    Conflict between rule 50 and token '+' resolved as shift (':' < '+').
    Conflict between rule 50 and token '-' resolved as shift (':' < '-').
    Conflict between rule 50 and token '(' resolved as shift (':' < '(').
    Conflict between rule 50 and token '[' resolved as shift (':' < '[').
